Removed Pin From Net: NetName=GND_MCU Pin=J1-3
Removed Pin From Net: NetName=GND_MCU Pin=J2-3
Removed Pin From Net: NetName=GND_MCU Pin=J3-3
Removed Pin From Net: NetName=GND_MCU Pin=J4-3
Removed Pin From Net: NetName=CAN_POWER_IN Pin=J5-1
Removed Pin From Net: NetName=UBLED_MO Pin=LED3-3
Removed Pin From Net: NetName=GND_MCU Pin=LED3-4
Removed Pin From Net: NetName=5V_MCU Pin=LED3-5
Removed Pin From Net: NetName=UBLED_CLK Pin=LED3-6
Removed Pin From Net: NetName=SERVO_RAIL_V_SENSE Pin=R2-2
Removed Pin From Net: NetName=PWM_A Pin=R3-1
Removed Pin From Net: NetName=PWM_B Pin=R4-1
Removed Pin From Net: NetName=PWM_C Pin=R5-1
Removed Pin From Net: NetName=SERVO_RAIL_V_SENSE Pin=R7-1
Removed Pin From Net: NetName=GND_MCU Pin=R7-2
Removed Pin From Net: NetName=GND_MCU Pin=U3-9
Removed Pin From Net: NetName=GND_MCU Pin=ZXCT1022-2
Removed Pin From Net: NetName=SERVO_RAIL_I_SENSE Pin=ZXCT1022-3
Removed Member From Class: ClassName=CAN_PWM Member=J2
Removed Member From Class: ClassName=CAN_PWM Member=J3
Removed Member From Class: ClassName=CAN_PWM Member=J4
Removed Member From Class: ClassName=CAN_PWM Member=J5
Removed Member From Class: ClassName=CAN_PWM Member=LED3
Removed Member From Class: ClassName=CAN_PWM Member=R3
Removed Member From Class: ClassName=CAN_PWM Member=R7
Removed Member From Class: ClassName=CAN_PWM Member=ZXCT1022
Change Component DesignItemId : Designator=J1 Old DesignItemId=J00094 New DesignItemId=J00015
Change Component DesignItemId : Designator=R4 Old DesignItemId=R00064 New DesignItemId=R00094
Change Component DesignItemId : Designator=R5 Old DesignItemId=R00064 New DesignItemId=R00094
Change Component DesignItemId : Designator=R2 Old DesignItemId=R00142 New DesignItemId=R00094
Change Component Footprint: Designator=J1 Old Footprint=PINHEAD_2.54mm_1x3 New Footprint=DF13C-4P-1.25V
Change Component Comment : Designator=J1 Old Comment=HDR_1x3 New Comment=HDR_TAB_1x4
Change Component Description : Designator=R2 Old Description=RES SMD 10K OHM 1% 1/16W 0402 New Description=RES SMD 0R 1% 1/16W 0402
Change Component Description : Designator=R4 Old Description=RES SMD 220 OHM 1% 1/16W 0402 New Description=RES SMD 0R 1% 1/16W 0402
Change Component Description : Designator=R5 Old Description=RES SMD 220 OHM 1% 1/16W 0402 New Description=RES SMD 0R 1% 1/16W 0402
Added Component: Designator=C1(C0402)
Added Component: Designator=R8(R0402)
Added Component: Designator=U4(MS5525DSO)
Added Pin To Net: NetName=3V3_MCU Pin=C1-1
Added Pin To Net: NetName=GND_MCU Pin=C1-2
Added Pin To Net: NetName=3V3_MCU Pin=J1-1
Added Pin To Net: NetName=SPI3_SCK Pin=J1-2
Added Pin To Net: NetName=SPI3_MOSI Pin=J1-3
Added Pin To Net: NetName=GND_MCU Pin=J1-4
Added Pin To Net: NetName=3V3_MCU Pin=R2-1
Added Pin To Net: NetName=3V3_MCU Pin=R4-1
Added Pin To Net: NetName=SPI3_CS Pin=R4-2
Added Pin To Net: NetName=GND_MCU Pin=R5-2
Added Pin To Net: NetName=SPI3_CS Pin=R8-1
Added Pin To Net: NetName=GND_MCU Pin=R8-2
Added Pin To Net: NetName=SPI3_MISO Pin=U4-5
Added Pin To Net: NetName=SPI3_MOSI Pin=U4-6
Added Pin To Net: NetName=SPI3_SCK Pin=U4-7
Added Pin To Net: NetName=SPI3_CS Pin=U4-8
Added Pin To Net: NetName=GND_MCU Pin=U4-9
Added Pin To Net: NetName=3V3_MCU Pin=U4-11
Added Pin To Net: NetName=3V3_MCU Pin=U4-13
Added Pin To Net: NetName=SPI3_SCK Pin=U5-1
Added Pin To Net: NetName=3V3_MCU Pin=U5-2
Added Pin To Net: NetName=SPI3_CS2 Pin=U5-4
Added Pin To Net: NetName=SPI3_MISO Pin=U5-5
Added Pin To Net: NetName=GND_MCU Pin=U5-9
Added Pin To Net: NetName=GND_MCU Pin=U5-11
Added Pin To Net: NetName=3V3_MCU Pin=U5-13
Added Pin To Net: NetName=SPI3_MOSI Pin=U5-16
Added Pin To Net: NetName=MS_PS Pin=R2-2
Added Pin To Net: NetName=MS_PS Pin=R5-1
Added Pin To Net: NetName=MS_PS Pin=U4-10
Added Pin To Net: NetName=MS_PS Pin=U5-6
Added Net: Name=MS_PS
Added Pin To Net: NetName=NetC4007_P$1 Pin=U5-12
Added Net: Name=NetC4007_P$1
Added Pin To Net: NetName=NetC4007_P$2 Pin=U5-8
Added Net: Name=NetC4007_P$2
Added Pin To Net: NetName=NetC4008_1 Pin=U5-10
Added Net: Name=NetC4008_1
Added Pin To Net: NetName=NetU4_1 Pin=U4-1
Added Pin To Net: NetName=NetU4_1 Pin=U4-3
Added Net: Name=NetU4_1
Added Pin To Net: NetName=NetU4_2 Pin=U4-2
Added Pin To Net: NetName=NetU4_2 Pin=U4-4
Added Net: Name=NetU4_2
Added Pin To Net: NetName=NetU4_12 Pin=U4-12
Added Pin To Net: NetName=NetU4_12 Pin=U4-14
Added Net: Name=NetU4_12
Change Class Name : Old Net Name=CAN_PWM New Net Name=CAN_24bit_airspeed
Added Member To Class: ClassName=CAN_24bit_airspeed Member=Component C1 CAP
Added Member To Class: ClassName=CAN_24bit_airspeed Member=Component R8 RES
Added Member To Class: ClassName=CAN_24bit_airspeed Member=Component U4 MS5525DSO-DP
Added Member To Class: ClassName=CAN_24bit_airspeed Member=Component U5 HMC5983
